c:\users\guite\onedrive\área de trabalho\computergraphics-ubi\openglroot\sinc\helloworld\x64\release\vc143.pdb
c:\users\guite\onedrive\área de trabalho\computergraphics-ubi\openglroot\sinc\helloworld\x64\release\shader.obj
c:\users\guite\onedrive\área de trabalho\computergraphics-ubi\openglroot\sinc\helloworld\x64\release\main.obj
c:\users\guite\onedrive\área de trabalho\computergraphics-ubi\openglroot\prototipo\x64\release\pratical classes.exe
c:\users\guite\onedrive\área de trabalho\computergraphics-ubi\openglroot\prototipo\helloworld\x64\release\pratical classes.ipdb
c:\users\guite\onedrive\área de trabalho\computergraphics-ubi\openglroot\prototipo\x64\release\pratical classes.pdb
c:\users\guite\onedrive\área de trabalho\computergraphics-ubi\openglroot\prototipo\helloworld\x64\release\pratical classes.iobj
c:\users\guite\onedrive\área de trabalho\computergraphics-ubi\openglroot\sinc\x64\release\pratical classes.exe
c:\users\guite\onedrive\área de trabalho\computergraphics-ubi\openglroot\sinc\helloworld\x64\release\pratical classes.ipdb
c:\users\guite\onedrive\área de trabalho\computergraphics-ubi\openglroot\sinc\x64\release\pratical classes.pdb
c:\users\guite\onedrive\área de trabalho\computergraphics-ubi\openglroot\sinc\helloworld\x64\release\pratical classes.iobj
c:\users\guite\onedrive\área de trabalho\computergraphics-ubi\openglroot\sinc\helloworld\x64\release\triangle.obj
c:\users\guite\onedrive\área de trabalho\computergraphics-ubi\openglroot\sinc\helloworld\x64\release\twotriangles.obj
c:\users\guite\onedrive\área de trabalho\computergraphics-ubi\openglroot\sinc\helloworld\x64\release\window.obj
c:\users\guite\onedrive\área de trabalho\computergraphics-ubi\openglroot\sinc\helloworld\x64\release\pratical classes.tlog\cl.command.1.tlog
c:\users\guite\onedrive\área de trabalho\computergraphics-ubi\openglroot\sinc\helloworld\x64\release\pratical classes.tlog\cl.read.1.tlog
c:\users\guite\onedrive\área de trabalho\computergraphics-ubi\openglroot\sinc\helloworld\x64\release\pratical classes.tlog\cl.write.1.tlog
c:\users\guite\onedrive\área de trabalho\computergraphics-ubi\openglroot\sinc\helloworld\x64\release\pratical classes.tlog\link.command.1.tlog
c:\users\guite\onedrive\área de trabalho\computergraphics-ubi\openglroot\sinc\helloworld\x64\release\pratical classes.tlog\link.read.1.tlog
c:\users\guite\onedrive\área de trabalho\computergraphics-ubi\openglroot\sinc\helloworld\x64\release\pratical classes.tlog\link.write.1.tlog
